inline selector loaded: 27 candidates
aug_usable = True
global_mean_speed = 0.025574
train pool size M = 50,000
Single fit CMA-ES (popsize=30, maxiter=200, seed=20260606)...
  gen 25: best fitness = -0.633900 (hit=0.6339)
  gen 50: best fitness = -0.634060 (hit=0.6341)
  gen 75: best fitness = -0.634200 (hit=0.6342)
  gen 100: best fitness = -0.634240 (hit=0.6342)
single_fit_best_hit = 0.6342
best_params = [1.502161979675293, 1.9493069648742676, 0.17235644161701202, 0.4225952923297882, 0.07666866481304169, 0.026707584038376808]
convergence (last 50 gen fbest range) = 0.000160
Running 5-fold OOF CMA-ES...
  fold 0: train N=39,900
  fold 0: in-sample hit=0.6335, params=[1.8046698570251465, 1.6643199920654297, -0.12387923896312714, 0.12885382771492004, 0.07722273468971252, 0.02003547176718712]
  fold 1: train N=39,765
  fold 1: in-sample hit=0.6334, params=[1.9310582876205444, 1.500196099281311, -0.2583216428756714, -0.015413776971399784, 0.06557959318161011, 0.03280230239033699]
  fold 2: train N=40,395
  fold 2: in-sample hit=0.6347, params=[1.8141415119171143, 1.6284914016723633, -0.1367640346288681, 0.06964179128408432, 0.07585258036851883, 0.04653657227754593]
  fold 3: train N=39,900
  fold 3: in-sample hit=0.6344, params=[1.958855390548706, 1.4873812198638916, -0.24853354692459106, -0.0715239867568016, 0.053625501692295074, 0.04565206542611122]
  fold 4: train N=40,040
  fold 4: in-sample hit=0.6366, params=[1.79572331905365, 1.6470987796783447, -0.11438065022230148, 0.09950906038284302, 0.08222551643848419, 0.03918491303920746]
oof_hit_5fold = 0.6403
submission written: runs/baseline/F001_formula-ga/submission.csv

=== G1 check ===
oof_hit_5fold = 0.6403 (target: 0.62 ≤ x ≤ 0.78)
convergence_range = 0.000160 (target: < 0.005)
G1 pass = True
